# JRE version: Java(TM) SE Runtime Environment (11.0.5+10) (build 11.0.5+10-LTS)
# Java VM: Java HotSpot(TM) 64-Bit Server VM (11.0.5+10-LTS, mixed mode, tiered, compressed oops, g1 gc, windows-amd64)
Heap:
 garbage-first heap   total 189440K, used 99914K [0x0000000080c00000, 0x0000000100000000)
  region size 1024K, 92 young (94208K), 9 survivors (9216K)
 Metaspace       used 40817K, capacity 41933K, committed 42192K, reserved 1087488K
  class space    used 4652K, capacity 5099K, committed 5116K, reserved 1048576K
GC Heap History (10 events):
Event: 5.432 GC heap before
{Heap before GC invocations=6 (full 0):
 garbage-first heap   total 131072K, used 78957K [0x0000000080c00000, 0x0000000100000000)
  region size 1024K, 72 young (73728K), 3 survivors (3072K)
 Metaspace       used 26402K, capacity 26988K, committed 27260K, reserved 1073152K
  class space    used 2853K, capacity 3068K, committed 3196K, reserved 1048576K
}
Event: 5.445 GC heap after
{Heap after GC invocations=7 (full 0):
 garbage-first heap   total 157696K, used 9982K [0x0000000080c00000, 0x0000000100000000)
  region size 1024K, 5 young (5120K), 5 survivors (5120K)
 Metaspace       used 26402K, capacity 26988K, committed 27260K, reserved 1073152K
  class space    used 2853K, capacity 3068K, committed 3196K, reserved 1048576K
}
Event: 6.632 GC heap before
{Heap before GC invocations=7 (full 0):
 garbage-first heap   total 157696K, used 95998K [0x0000000080c00000, 0x0000000100000000)
  region size 1024K, 90 young (92160K), 5 survivors (5120K)
 Metaspace       used 27793K, capacity 28388K, committed 28668K, reserved 1075200K
  class space    used 2992K, capacity 3226K, committed 3324K, reserved 1048576K
}
Event: 6.642 GC heap after
{Heap after GC invocations=8 (full 0):
 garbage-first heap   total 157696K, used 11136K [0x0000000080c00000, 0x0000000100000000)
  region size 1024K, 6 young (6144K), 6 survivors (6144K)
 Metaspace       used 27793K, capacity 28388K, committed 28668K, reserved 1075200K
  class space    used 2992K, capacity 3226K, committed 3324K, reserved 1048576K
}
Event: 8.002 GC heap before
{Heap before GC invocations=8 (full 0):
 garbage-first heap   total 157696K, used 99200K [0x0000000080c00000, 0x0000000100000000)
  region size 1024K, 92 young (94208K), 6 survivors (6144K)
 Metaspace       used 29491K, capacity 30168K, committed 30460K, reserved 1077248K
  class space    used 3189K, capacity 3452K, committed 3580K, reserved 1048576K
}
Event: 8.018 GC heap after
{Heap after GC invocations=9 (full 0):
 garbage-first heap   total 157696K, used 12030K [0x0000000080c00000, 0x0000000100000000)
  region size 1024K, 7 young (7168K), 7 survivors (7168K)
 Metaspace       used 29491K, capacity 30168K, committed 30460K, reserved 1077248K
  class space    used 3189K, capacity 3452K, committed 3580K, reserved 1048576K
}
Event: 10.980 GC heap before
{Heap before GC invocations=9 (full 0):
 garbage-first heap   total 157696K, used 94974K [0x0000000080c00000, 0x0000000100000000)
  region size 1024K, 89 young (91136K), 7 survivors (7168K)
 Metaspace       used 35077K, capacity 35936K, committed 36048K, reserved 1081344K
  class space    used 3954K, capacity 4318K, committed 4348K, reserved 1048576K
}
Event: 11.016 GC heap after
{Heap after GC invocations=10 (full 0):
 garbage-first heap   total 157696K, used 14416K [0x0000000080c00000, 0x0000000100000000)
  region size 1024K, 9 young (9216K), 9 survivors (9216K)
 Metaspace       used 35077K, capacity 35936K, committed 36048K, reserved 1081344K
  class space    used 3954K, capacity 4318K, committed 4348K, reserved 1048576K
}
Event: 12.695 GC heap before
{Heap before GC invocations=11 (full 0):
 garbage-first heap   total 157696K, used 98384K [0x0000000080c00000, 0x0000000100000000)
  region size 1024K, 92 young (94208K), 9 survivors (9216K)
 Metaspace       used 38414K, capacity 39513K, committed 39632K, reserved 1083392K
  class space    used 4361K, capacity 4827K, committed 4860K, reserved 1048576K
}
Event: 12.723 GC heap after
{Heap after GC invocations=12 (full 0):
 garbage-first heap   total 189440K, used 16970K [0x0000000080c00000, 0x0000000100000000)
  region size 1024K, 9 young (9216K), 9 survivors (9216K)
 Metaspace       used 38414K, capacity 39513K, committed 39632K, reserved 1083392K
  class space    used 4361K, capacity 4827K, committed 4860K, reserved 1048576K
}

